SL/TP Tuning: 36 combos across 30 symbols @ 1h (swing)
  # sl_mult tp_mult Trades   WR%      PF   avgR    PnL%  MaxDD Syms  Time
------------------------------------------------------------------------
  1     0.5     1.5   1390 53.6%    2.33   0.61 487.93% 16.99%   30  [ 56s / ETA 1954s]
  2     0.5     2.0   1391 53.0%    2.30   0.60 483.50% 16.99%   30  [ 48s / ETA  808s]
  3     0.5     2.5   1392 52.8%    2.29   0.60 482.39% 16.99%   30  [ 49s / ETA  534s]
  4     0.5     3.0   1394 52.9%    2.31   0.61 486.76% 16.99%   30  [ 49s / ETA  393s]
  5     0.5     4.0   1404 53.8%    2.36   0.62 504.65% 16.99%   30  [ 50s / ETA  311s]
  6     0.5     5.0   1430 54.3%    2.32   0.60 494.90% 16.99%   30  [ 52s / ETA  258s]
  7     1.0     1.5   1383 54.3%    2.33   0.60 492.77% 16.99%   30  [ 48s / ETA  200s]
  8     1.0     2.0   1384 53.6%    2.30   0.60 486.48% 16.99%   30  [ 48s / ETA  170s]
  9     1.0     2.5   1385 53.4%    2.29   0.60 484.80% 16.99%   30  [ 50s / ETA  149s]
 10     1.0     3.0   1387 53.4%    2.31   0.60 490.34% 16.99%   30  [ 48s / ETA  125s]
 11     1.0     4.0   1397 54.3%    2.37   0.62 510.53% 16.99%   30  [ 48s / ETA  110s]
 12     1.0     5.0   1423 54.7%    2.33   0.60 498.73% 16.99%   30  [ 50s / ETA  101s]
 13     1.5     1.5   1381 55.5%    2.39   0.61 508.58% 16.99%   30  [ 47s / ETA   83s]
 14     1.5     2.0   1382 54.7%    2.36   0.61 503.18% 16.99%   30  [ 47s / ETA   74s]
 15     1.5     2.5   1383 54.4%    2.35   0.61 503.95% 16.99%   30  [ 47s / ETA   66s]
 16     1.5     3.0   1385 54.4%    2.37   0.62 513.14% 16.99%   30  [ 47s / ETA   59s]
 17     1.5     4.0   1395 55.2%    2.42   0.63 536.23% 16.99%   30  [ 50s / ETA   56s]
 18     1.5     5.0   1421 55.4%    2.39   0.61 528.78% 16.99%   30  [ 51s / ETA   51s]
 19     2.0     1.5   1380 55.7%    2.38   0.61 501.77% 16.99%   30  [ 48s / ETA   43s]
 20     2.0     2.0   1381 55.0%    2.35   0.60 498.35% 16.99%   30  [ 47s / ETA   38s]
 21     2.0     2.5   1382 54.8%    2.36   0.61 503.43% 16.99%   30  [ 47s / ETA   34s]
 22     2.0     3.0   1384 54.8%    2.36   0.61 509.06% 16.99%   30  [ 48s / ETA   30s]
 23     2.0     4.0   1394 55.3%    2.40   0.62 525.71% 16.99%   30  [ 49s / ETA   28s]
 24     2.0     5.0   1420 55.5%    2.37   0.60 518.46% 16.99%   30  [ 51s / ETA   26s]
 25     2.5     1.5   1380 55.9%    2.38   0.60 502.37% 16.99%   30  [ 47s / ETA   21s]
 26     2.5     2.0   1380 55.2%    2.36   0.60 499.53% 16.99%   30  [ 47s / ETA   18s]
 27     2.5     2.5   1381 55.0%    2.36   0.60 503.56% 16.99%   30  [ 47s / ETA   16s]
 28     2.5     3.0   1383 55.1%    2.37   0.61 510.17% 16.99%   30  [ 48s / ETA   14s]
 29     2.5     4.0   1393 55.6%    2.40   0.62 527.18% 16.99%   30  [ 50s / ETA   12s]
 30     2.5     5.0   1419 55.7%    2.37   0.60 520.56% 16.99%   30  [ 51s / ETA   10s]
 31     3.0     1.5   1380 56.0%    2.39   0.60 499.06% 16.99%   30  [ 47s / ETA    8s]
 32     3.0     2.0   1380 55.4%    2.36   0.60 495.84% 16.99%   30  [ 48s / ETA    6s]
 33     3.0     2.5   1380 55.1%    2.36   0.60 499.15% 16.99%   30  [ 48s / ETA    4s]
 34     3.0     3.0   1383 55.2%    2.37   0.60 504.09% 16.99%   30  [ 48s / ETA    3s]
 35     3.0     4.0   1392 55.6%    2.39   0.61 518.89% 16.99%   30  [ 49s / ETA    1s]
 36     3.0     5.0   1419 55.7%    2.36   0.59 509.59% 16.99%   30  [ 51s / ETA    0s]

========================================================================
TOP 10 CONFIGURATIONS (by Profit Factor)  —  total 1758s
========================================================================
Rank sl_mult tp_mult Trades   WR%      PF   avgR    PnL%  MaxDD
-------------------------------------------------------
   1     1.5     4.0   1395 55.2%    2.42   0.63 536.23% 16.99%
   2     2.5     4.0   1393 55.6%    2.40   0.62 527.18% 16.99%
   3     2.0     4.0   1394 55.3%    2.40   0.62 525.71% 16.99%
   4     3.0     1.5   1380 56.0%    2.39   0.60 499.06% 16.99%
   5     1.5     1.5   1381 55.5%    2.39   0.61 508.58% 16.99%
   6     3.0     4.0   1392 55.6%    2.39   0.61 518.89% 16.99%
   7     1.5     5.0   1421 55.4%    2.39   0.61 528.78% 16.99%
   8     2.0     1.5   1380 55.7%    2.38   0.61 501.77% 16.99%
   9     2.5     1.5   1380 55.9%    2.38   0.60 502.37% 16.99%
  10     2.5     3.0   1383 55.1%    2.37   0.61 510.17% 16.99%

Full results: data/sltp_tuning_1h_swing.csv
